<?xml version="1.0" encoding="UTF-8"?>
<testsuite xmlns:xsi="http://www.w3.org/2001/XMLSchema-instance" xsi:noNamespaceSchemaLocation="https://maven.apache.org/surefire/maven-surefire-plugin/xsd/surefire-test-report-3.0.xsd" version="3.0" name="tests.ProductTests" time="0.839" tests="2" errors="0" skipped="0" failures="0">
  <properties>
    <property name="java.specification.version" value="15"/>
    <property name="sun.cpu.isalist" value="amd64"/>
    <property name="sun.jnu.encoding" value="Cp1251"/>
    <property name="java.class.path" value="C:\Users\User\IdeaProjects\Retrofit\target\test-classes;C:\Users\User\IdeaProjects\Retrofit\target\classes;C:\Users\User\.m2\repository\org\junit\jupiter\junit-jupiter\5.7.0\junit-jupiter-5.7.0.jar;C:\Users\User\.m2\repository\org\junit\jupiter\junit-jupiter-api\5.7.0\junit-jupiter-api-5.7.0.jar;C:\Users\User\.m2\repository\org\apiguardian\apiguardian-api\1.1.0\apiguardian-api-1.1.0.jar;C:\Users\User\.m2\repository\org\opentest4j\opentest4j\1.2.0\opentest4j-1.2.0.jar;C:\Users\User\.m2\repository\org\junit\platform\junit-platform-commons\1.7.0\junit-platform-commons-1.7.0.jar;C:\Users\User\.m2\repository\org\junit\jupiter\junit-jupiter-params\5.7.0\junit-jupiter-params-5.7.0.jar;C:\Users\User\.m2\repository\org\junit\jupiter\junit-jupiter-engine\5.7.0\junit-jupiter-engine-5.7.0.jar;C:\Users\User\.m2\repository\org\junit\platform\junit-platform-engine\1.7.0\junit-platform-engine-1.7.0.jar;C:\Users\User\.m2\repository\com\squareup\retrofit2\retrofit\2.9.0\retrofit-2.9.0.jar;C:\Users\User\.m2\repository\com\squareup\okhttp3\okhttp\3.14.9\okhttp-3.14.9.jar;C:\Users\User\.m2\repository\com\squareup\okio\okio\1.17.2\okio-1.17.2.jar;C:\Users\User\.m2\repository\io\qameta\allure\allure-junit5\2.14.0\allure-junit5-2.14.0.jar;C:\Users\User\.m2\repository\io\qameta\allure\allure-junit-platform\2.14.0\allure-junit-platform-2.14.0.jar;C:\Users\User\.m2\repository\io\qameta\allure\allure-java-commons\2.14.0\allure-java-commons-2.14.0.jar;C:\Users\User\.m2\repository\io\qameta\allure\allure-model\2.14.0\allure-model-2.14.0.jar;C:\Users\User\.m2\repository\org\apache\tika\tika-core\1.26\tika-core-1.26.jar;C:\Users\User\.m2\repository\javax\xml\bind\jaxb-api\2.3.1\jaxb-api-2.3.1.jar;C:\Users\User\.m2\repository\javax\activation\javax.activation-api\1.2.0\javax.activation-api-1.2.0.jar;C:\Users\User\.m2\repository\javax\activation\activation\1.1.1\activation-1.1.1.jar;C:\Users\User\.m2\repository\org\jooq\joor-java-8\0.9.14\joor-java-8-0.9.14.jar;C:\Users\User\.m2\repository\io\qameta\allure\allure-test-filter\2.14.0\allure-test-filter-2.14.0.jar;C:\Users\User\.m2\repository\org\junit\platform\junit-platform-launcher\1.7.2\junit-platform-launcher-1.7.2.jar;C:\Users\User\.m2\repository\org\hamcrest\hamcrest\2.1\hamcrest-2.1.jar;C:\Users\User\.m2\repository\ch\qos\logback\logback-classic\1.2.3\logback-classic-1.2.3.jar;C:\Users\User\.m2\repository\ch\qos\logback\logback-core\1.2.3\logback-core-1.2.3.jar;C:\Users\User\.m2\repository\org\slf4j\slf4j-api\1.7.25\slf4j-api-1.7.25.jar;C:\Users\User\.m2\repository\org\projectlombok\lombok\1.18.20\lombok-1.18.20.jar;C:\Users\User\.m2\repository\com\fasterxml\jackson\core\jackson-databind\2.12.3\jackson-databind-2.12.3.jar;C:\Users\User\.m2\repository\com\fasterxml\jackson\core\jackson-core\2.12.3\jackson-core-2.12.3.jar;C:\Users\User\.m2\repository\com\fasterxml\jackson\core\jackson-annotations\2.12.3\jackson-annotations-2.12.3.jar;C:\Users\User\.m2\repository\com\squareup\retrofit2\converter-jackson\2.9.0\converter-jackson-2.9.0.jar;C:\Users\User\.m2\repository\com\squareup\okhttp3\logging-interceptor\3.9.0\logging-interceptor-3.9.0.jar;C:\Users\User\.m2\repository\com\github\javafaker\javafaker\1.0.2\javafaker-1.0.2.jar;C:\Users\User\.m2\repository\org\apache\commons\commons-lang3\3.5\commons-lang3-3.5.jar;C:\Users\User\.m2\repository\org\yaml\snakeyaml\1.23\snakeyaml-1.23-android.jar;C:\Users\User\.m2\repository\com\github\mifmif\generex\1.0.2\generex-1.0.2.jar;C:\Users\User\.m2\repository\dk\brics\automaton\automaton\1.11-8\automaton-1.11-8.jar;"/>
    <property name="java.vm.vendor" value="Oracle Corporation"/>
    <property name="sun.arch.data.model" value="64"/>
    <property name="user.variant" value=""/>
    <property name="java.vendor.url" value="https://java.oracle.com/"/>
    <property name="user.timezone" value="Asia/Yekaterinburg"/>
    <property name="os.name" value="Windows 10"/>
    <property name="java.vm.specification.version" value="15"/>
    <property name="sun.java.launcher" value="SUN_STANDARD"/>
    <property name="user.country" value="RU"/>
    <property name="sun.boot.library.path" value="C:\Program Files\Java\jdk-15.0.1\bin"/>
    <property name="sun.java.command" value="C:\Users\User\AppData\Local\Temp\surefire5308319319594858598\surefirebooter17753667572862018776.jar C:\Users\User\AppData\Local\Temp\surefire5308319319594858598 2021-12-15T19-08-03_437-jvmRun1 surefire2584997256697033664tmp surefire_05511885971612478249tmp"/>
    <property name="jdk.debug" value="release"/>
    <property name="surefire.test.class.path" value="C:\Users\User\IdeaProjects\Retrofit\target\test-classes;C:\Users\User\IdeaProjects\Retrofit\target\classes;C:\Users\User\.m2\repository\org\junit\jupiter\junit-jupiter\5.7.0\junit-jupiter-5.7.0.jar;C:\Users\User\.m2\repository\org\junit\jupiter\junit-jupiter-api\5.7.0\junit-jupiter-api-5.7.0.jar;C:\Users\User\.m2\repository\org\apiguardian\apiguardian-api\1.1.0\apiguardian-api-1.1.0.jar;C:\Users\User\.m2\repository\org\opentest4j\opentest4j\1.2.0\opentest4j-1.2.0.jar;C:\Users\User\.m2\repository\org\junit\platform\junit-platform-commons\1.7.0\junit-platform-commons-1.7.0.jar;C:\Users\User\.m2\repository\org\junit\jupiter\junit-jupiter-params\5.7.0\junit-jupiter-params-5.7.0.jar;C:\Users\User\.m2\repository\org\junit\jupiter\junit-jupiter-engine\5.7.0\junit-jupiter-engine-5.7.0.jar;C:\Users\User\.m2\repository\org\junit\platform\junit-platform-engine\1.7.0\junit-platform-engine-1.7.0.jar;C:\Users\User\.m2\repository\com\squareup\retrofit2\retrofit\2.9.0\retrofit-2.9.0.jar;C:\Users\User\.m2\repository\com\squareup\okhttp3\okhttp\3.14.9\okhttp-3.14.9.jar;C:\Users\User\.m2\repository\com\squareup\okio\okio\1.17.2\okio-1.17.2.jar;C:\Users\User\.m2\repository\io\qameta\allure\allure-junit5\2.14.0\allure-junit5-2.14.0.jar;C:\Users\User\.m2\repository\io\qameta\allure\allure-junit-platform\2.14.0\allure-junit-platform-2.14.0.jar;C:\Users\User\.m2\repository\io\qameta\allure\allure-java-commons\2.14.0\allure-java-commons-2.14.0.jar;C:\Users\User\.m2\repository\io\qameta\allure\allure-model\2.14.0\allure-model-2.14.0.jar;C:\Users\User\.m2\repository\org\apache\tika\tika-core\1.26\tika-core-1.26.jar;C:\Users\User\.m2\repository\javax\xml\bind\jaxb-api\2.3.1\jaxb-api-2.3.1.jar;C:\Users\User\.m2\repository\javax\activation\javax.activation-api\1.2.0\javax.activation-api-1.2.0.jar;C:\Users\User\.m2\repository\javax\activation\activation\1.1.1\activation-1.1.1.jar;C:\Users\User\.m2\repository\org\jooq\joor-java-8\0.9.14\joor-java-8-0.9.14.jar;C:\Users\User\.m2\repository\io\qameta\allure\allure-test-filter\2.14.0\allure-test-filter-2.14.0.jar;C:\Users\User\.m2\repository\org\junit\platform\junit-platform-launcher\1.7.2\junit-platform-launcher-1.7.2.jar;C:\Users\User\.m2\repository\org\hamcrest\hamcrest\2.1\hamcrest-2.1.jar;C:\Users\User\.m2\repository\ch\qos\logback\logback-classic\1.2.3\logback-classic-1.2.3.jar;C:\Users\User\.m2\repository\ch\qos\logback\logback-core\1.2.3\logback-core-1.2.3.jar;C:\Users\User\.m2\repository\org\slf4j\slf4j-api\1.7.25\slf4j-api-1.7.25.jar;C:\Users\User\.m2\repository\org\projectlombok\lombok\1.18.20\lombok-1.18.20.jar;C:\Users\User\.m2\repository\com\fasterxml\jackson\core\jackson-databind\2.12.3\jackson-databind-2.12.3.jar;C:\Users\User\.m2\repository\com\fasterxml\jackson\core\jackson-core\2.12.3\jackson-core-2.12.3.jar;C:\Users\User\.m2\repository\com\fasterxml\jackson\core\jackson-annotations\2.12.3\jackson-annotations-2.12.3.jar;C:\Users\User\.m2\repository\com\squareup\retrofit2\converter-jackson\2.9.0\converter-jackson-2.9.0.jar;C:\Users\User\.m2\repository\com\squareup\okhttp3\logging-interceptor\3.9.0\logging-interceptor-3.9.0.jar;C:\Users\User\.m2\repository\com\github\javafaker\javafaker\1.0.2\javafaker-1.0.2.jar;C:\Users\User\.m2\repository\org\apache\commons\commons-lang3\3.5\commons-lang3-3.5.jar;C:\Users\User\.m2\repository\org\yaml\snakeyaml\1.23\snakeyaml-1.23-android.jar;C:\Users\User\.m2\repository\com\github\mifmif\generex\1.0.2\generex-1.0.2.jar;C:\Users\User\.m2\repository\dk\brics\automaton\automaton\1.11-8\automaton-1.11-8.jar;"/>
    <property name="allure.results.directory" value="target/allure-results"/>
    <property name="sun.cpu.endian" value="little"/>
    <property name="user.home" value="C:\Users\User"/>
    <property name="user.language" value="ru"/>
    <property name="java.specification.vendor" value="Oracle Corporation"/>
    <property name="java.version.date" value="2020-10-20"/>
    <property name="java.home" value="C:\Program Files\Java\jdk-15.0.1"/>
    <property name="file.separator" value="\"/>
    <property name="basedir" value="C:\Users\User\IdeaProjects\Retrofit"/>
    <property name="java.vm.compressedOopsMode" value="Zero based"/>
    <property name="line.separator" value="&#10;"/>
    <property name="java.vm.specification.vendor" value="Oracle Corporation"/>
    <property name="java.specification.name" value="Java Platform API Specification"/>
    <property name="surefire.real.class.path" value="C:\Users\User\AppData\Local\Temp\surefire5308319319594858598\surefirebooter17753667572862018776.jar"/>
    <property name="user.script" value=""/>
    <property name="sun.management.compiler" value="HotSpot 64-Bit Tiered Compilers"/>
    <property name="java.runtime.version" value="15.0.1+9-18"/>
    <property name="user.name" value="User"/>
    <property name="path.separator" value=";"/>
    <property name="os.version" value="10.0"/>
    <property name="java.runtime.name" value="Java(TM) SE Runtime Environment"/>
    <property name="file.encoding" value="UTF-8"/>
    <property name="java.vm.name" value="Java HotSpot(TM) 64-Bit Server VM"/>
    <property name="localRepository" value="C:\Users\User\.m2\repository"/>
    <property name="java.vendor.url.bug" value="https://bugreport.java.com/bugreport/"/>
    <property name="java.io.tmpdir" value="C:\Users\User\AppData\Local\Temp\"/>
    <property name="idea.version" value="2021.2.3"/>
    <property name="java.version" value="15.0.1"/>
    <property name="user.dir" value="C:\Users\User\IdeaProjects\Retrofit"/>
    <property name="os.arch" value="amd64"/>
    <property name="java.vm.specification.name" value="Java Virtual Machine Specification"/>
    <property name="sun.os.patch.level" value=""/>
    <property name="java.library.path" value="C:\Program Files\Java\jdk-15.0.1\bin;C:\Windows\Sun\Java\bin;C:\Windows\system32;C:\Windows;C:\Program Files\Common Files\Oracle\Java\javapath;C:\ProgramData\Oracle\Java\javapath;C:\Windows\system32;C:\Windows;C:\Windows\System32\Wbem;C:\Windows\System32\WindowsPowerShell\v1.0\;C:\Program Files\NVIDIA Corporation\NVIDIA NvDLISR;C:\Program Files (x86)\NVIDIA Corporation\PhysX\Common;C:\Program Files (x86)\Brackets\command;C:\Program Files\Git\cmd;C:\Users\User\AppData\Local\Microsoft\WindowsApps;D:\Proga\IntelliJ IDEA Community Edition 2021.1\bin;C:\Users\User\AppData\Local\GitHubDesktop\bin;C:\Users\User\AppData\Local\Programs\Fiddler;C:\Program Files\JetBrains\IntelliJ IDEA Community Edition 2021.1\bin;C:\adb;C:\Users\User\AppData\Local\Microsoft\WindowsApps;D:\Proga\IntelliJ IDEA Community Edition 2021.1\bin;;C:\Users\User\AppData\Local\GitHubDesktop\bin;C:\Program Files\JetBrains\IntelliJ IDEA Community Edition 2021.1\bin;;."/>
    <property name="java.vm.info" value="mixed mode, sharing"/>
    <property name="java.vendor" value="Oracle Corporation"/>
    <property name="java.vm.version" value="15.0.1+9-18"/>
    <property name="sun.io.unicode.encoding" value="UnicodeLittle"/>
    <property name="java.class.version" value="59.0"/>
  </properties>
  <testcase name="postProductTest" classname="tests.ProductTests" time="0.441">
    <system-err><![CDATA[дек. 15, 2021 7:08:05 PM okhttp3.internal.platform.Platform log
INFO: --> POST http://80.78.248.82:8189/market/api/v1/products (71-byte body)
дек. 15, 2021 7:08:06 PM okhttp3.internal.platform.Platform log
INFO: <-- 201 http://80.78.248.82:8189/market/api/v1/products (100ms, unknown-length body)
]]></system-err>
  </testcase>
  <testcase name="getCategoryByIdTest" classname="tests.ProductTests" time="0.066">
    <system-err><![CDATA[дек. 15, 2021 7:08:06 PM okhttp3.internal.platform.Platform log
INFO: --> GET http://80.78.248.82:8189/market/api/v1/categories/1
дек. 15, 2021 7:08:06 PM okhttp3.internal.platform.Platform log
INFO: <-- 200 http://80.78.248.82:8189/market/api/v1/categories/1 (36ms, unknown-length body)
дек. 15, 2021 7:08:06 PM okhttp3.internal.platform.Platform log
INFO: Category(id=1, title=Food, products=[Product(id=18427, title=Dill Seed, price=146, categoryTitle=Food), Product(id=17703, title=, price=200, categoryTitle=Food), Product(id=18461, title=Butternut pumpkin, price=158, categoryTitle=Food), Product(id=18412, title=Cow, price=100, categoryTitle=Food), Product(id=18469, title=Linguine with Clams, price=196, categoryTitle=Food), Product(id=18543, title=California Maki, price=300, categoryTitle=Food), Product(id=17700, title=Banana, price=0, categoryTitle=Food), Product(id=17701, title=Banana, price=-50, categoryTitle=Food), Product(id=17704, title=Banana, price=-50, categoryTitle=Food), Product(id=17705, title=Banana, price=0, categoryTitle=Food), Product(id=18546, title=Caprese Salad, price=300, categoryTitle=Food), Product(id=18513, title=Som Tam, price=173, categoryTitle=Food), Product(id=18518, title=Pizza, price=103, categoryTitle=Food), Product(id=18523, title=Vegetable Soup, price=-7, categoryTitle=Food), Product(id=18547, title=Chicken Fajitas, price=197, categoryTitle=Food), Product(id=18525, title=null, price=150, categoryTitle=Food), Product(id=18526, title=Fettuccine Alfredo, price=0, categoryTitle=Food), Product(id=18527, title=, price=150, categoryTitle=Food), Product(id=18595, title=Sierra Nevada Bigfoot Barleywine Style Ale, price=101, categoryTitle=Food), Product(id=18596, title=Racer 5 India Pale Ale, Bear Republic Bre, price=129, categoryTitle=Food), Product(id=18597, title=Péché Mortel, price=181, categoryTitle=Food), Product(id=18548, title=Schneider Aventinus, price=167, categoryTitle=Food), Product(id=18421, title=Scotch Eggs, price=100, categoryTitle=Food), Product(id=18549, title=Founders Kentucky Breakfast, price=160, categoryTitle=Food), Product(id=18423, title=Bruschette with Tomato, price=100, categoryTitle=Food), Product(id=18429, title=Thai Red Curry Mix, price=109, categoryTitle=Food), Product(id=18434, title=Feijoa, price=159, categoryTitle=Food), Product(id=18438, title=Burger, price=500, categoryTitle=Food), Product(id=18457, title=null, price=500, categoryTitle=Food), Product(id=18471, title=Pasta Carbonara, price=176, categoryTitle=Food), Product(id=18493, title=null, price=150, categoryTitle=Food), Product(id=18494, title=Pork Sausage Roll, price=-50, categoryTitle=Food), Product(id=18496, title=null, price=150, categoryTitle=Food), Product(id=18497, title=Tiramisù, price=0, categoryTitle=Food), Product(id=18498, title=, price=150, categoryTitle=Food), Product(id=18514, title=Tuna Sashimi, price=122, categoryTitle=Food), Product(id=18515, title=Kebab, price=170, categoryTitle=Food), Product(id=18519, title=Linguine with Clams, price=122, categoryTitle=Food), Product(id=18520, title=Sushi, price=111, categoryTitle=Food), Product(id=18536, title=Sushi, price=146, categoryTitle=Food), Product(id=18537, title=Som Tam, price=177, categoryTitle=Food), Product(id=18538, title=Caprese Salad, price=176, categoryTitle=Food), Product(id=18539, title=Chicken Milanese, price=174, categoryTitle=Food), Product(id=18540, title=Fish and Chips, price=119, categoryTitle=Food), Product(id=18430, title=Coriander Leaf, price=197, categoryTitle=Food), Product(id=18435, title=Bread, price=100, categoryTitle=Food), Product(id=18553, title=Egg , price=300, categoryTitle=Food), Product(id=18449, title=null, price=500, categoryTitle=Food), Product(id=18450, title=, price=500, categoryTitle=Food), Product(id=18458, title=Snowpeas, price=107, categoryTitle=Food), Product(id=18464, title=Cheeseburger, price=121, categoryTitle=Food), Product(id=18465, title=Mango, price=175, categoryTitle=Food), Product(id=18554, title=, price=300, categoryTitle=Food), Product(id=18555, title= Egg, price=300, categoryTitle=Food), Product(id=18557, title=Cauliflower Penne, price=0, categoryTitle=Food), Product(id=18558, title=45, price=300, categoryTitle=Food), Product(id=18516, title=Pork Sausage Roll, price=174, categoryTitle=Food), Product(id=18521, title=Plums, price=100, categoryTitle=Food), Product(id=18559, title=Cheeseburger, price=0, categoryTitle=Food), Product(id=18560, title=null, price=300, categoryTitle=Food), Product(id=18541, title=Pho, price=137, categoryTitle=Food), Product(id=18561, title=Chicken Fajitas, price=-500, categoryTitle=Food), Product(id=18565, title=Egg , price=300, categoryTitle=Food), Product(id=18566, title=, price=300, categoryTitle=Food), Product(id=18567, title= Egg, price=300, categoryTitle=Food), Product(id=18569, title=Pierogi, price=0, categoryTitle=Food), Product(id=18570, title=45, price=300, categoryTitle=Food), Product(id=18571, title=Pierogi, price=0, categoryTitle=Food), Product(id=18572, title=null, price=300, categoryTitle=Food), Product(id=18573, title=Som Tam, price=-500, categoryTitle=Food), Product(id=18586, title=Edmund Fitzgerald Porter, price=119, categoryTitle=Food), Product(id=18415, title=Berries, price=250, categoryTitle=Food), Product(id=18436, title=Bread, price=100, categoryTitle=Food), Product(id=18440, title=Bread, price=0, categoryTitle=Food), Product(id=18441, title=null, price=0, categoryTitle=Food), Product(id=18459, title=Jarrahdale pumpkin, price=129, categoryTitle=Food), Product(id=18460, title=Snowpeas, price=181, categoryTitle=Food), Product(id=18489, title=Teriyaki Chicken Donburi, price=191, categoryTitle=Food), Product(id=18510, title=Eggs, price=123, categoryTitle=Food), Product(id=18511, title=Quail eggs, price=181, categoryTitle=Food), Product(id=18512, title=Barbecue Ribs, price=174, categoryTitle=Food), Product(id=18517, title=Cauliflower Penne, price=198, categoryTitle=Food), Product(id=18587, title=Banana, price=0, categoryTitle=Food), Product(id=18588, title=Banana, price=-10, categoryTitle=Food), Product(id=18592, title=Banana, price=0, categoryTitle=Food), Product(id=18593, title=Banana, price=8, categoryTitle=Food)])
]]></system-err>
  </testcase>
</testsuite>